Using pre-set license
Built from '2020.2/release' branch; Version is '2020.2.4f1 (becced5a802b) revision 12504301'; Using compiler version '192528614'; Build Type 'Release'
OS: 'Windows 10 Home; OS build 19042.985; Version 2009; 64bit' Language: 'en' Physical Memory: 8143 MB
BatchMode: 1, IsHumanControllingUs: 0, StartBugReporterOnCrash: 0, Is64bit: 1, IsPro: 0

 COMMAND LINE ARGUMENTS:
C:\Program Files\Unity\Hub\Editor\2020.2.4f1\Editor\Unity.exe
-adb2
-batchMode
-noUpm
-name
AssetImportWorker4
-projectPath
C:/Github/Game-Design/Enter the Arena
-logFile
Logs/AssetImportWorker4.log
-srvPort
62301
Successfully changed project path to: C:/Github/Game-Design/Enter the Arena
C:/Github/Game-Design/Enter the Arena
Using Asset Import Pipeline V2.
Refreshing native plugins compatible for Editor in 184.75 ms, found 1 plugins.
Preloading 0 native plugins for Editor in 0.00 ms.
Initialize engine version: 2020.2.4f1 (becced5a802b)
[Subsystems] Discovering subsystems at path C:/Program Files/Unity/Hub/Editor/2020.2.4f1/Editor/Data/Resources/UnitySubsystems
[Subsystems] Discovering subsystems at path C:/Github/Game-Design/Enter the Arena/Assets
GfxDevice: creating device client; threaded=0
Direct3D:
    Version:  Direct3D 11.0 [level 11.1]
    Renderer: Radeon RX 560 Series (ID=0x67ff)
    Vendor:   
    VRAM:     4075 MB
    Driver:   27.20.14501.28009
Initialize mono
Mono path[0] = 'C:/Program Files/Unity/Hub/Editor/2020.2.4f1/Editor/Data/Managed'
Mono path[1] = 'C:/Program Files/Unity/Hub/Editor/2020.2.4f1/Editor/Data/MonoBleedingEdge/lib/mono/unityjit'
Mono config path = 'C:/Program Files/Unity/Hub/Editor/2020.2.4f1/Editor/Data/MonoBleedingEdge/etc'
Using monoOptions --debugger-agent=transport=dt_socket,embedding=1,server=y,suspend=n,address=127.0.0.1:56172
Begin MonoManager ReloadAssembly
Registering precompiled unity dll's ...
Register platform support module: C:/Program Files/Unity/Hub/Editor/2020.2.4f1/Editor/Data/PlaybackEngines/WindowsStandaloneSupport/UnityEditor.WindowsStandalone.Extensions.dll
Registered in 0.014758 seconds.
Native extension for WindowsStandalone target not found
Refreshing native plugins compatible for Editor in 147.83 ms, found 1 plugins.
Preloading 0 native plugins for Editor in 0.00 ms.
Invoked RoslynAnalysisRunner static constructor.
RoslynAnalysisRunner will not be running.
RoslynAnalysisRunner has terminated.
Mono: successfully reloaded assembly
- Completed reload, in  5.894 seconds
Platform modules already initialized, skipping
Registering precompiled user dll's ...
Registered in 0.005585 seconds.
Begin MonoManager ReloadAssembly
Native extension for WindowsStandalone target not found
Refreshing native plugins compatible for Editor in 170.56 ms, found 1 plugins.
Preloading 0 native plugins for Editor in 0.00 ms.
Invoked RoslynAnalysisRunner static constructor.
RoslynAnalysisRunner will not be running.
RoslynAnalysisRunner has terminated.
Mono: successfully reloaded assembly
- Completed reload, in  3.270 seconds
Platform modules already initialized, skipping
========================================================================
Worker process is ready to serve import requests
Launched and connected shader compiler UnityShaderCompiler.exe after 0.46 seconds
Refreshing native plugins compatible for Editor in 1.14 ms, found 1 plugins.
Preloading 0 native plugins for Editor in 0.00 ms.
Unloading 1985 Unused Serialized files (Serialized files now loaded: 0)
System memory in use before: 94.7 MB.
System memory in use after: 94.6 MB.

Unloading 26 unused Assets to reduce memory usage. Loaded Objects now: 2436.
Total: 8.883200 ms (FindLiveObjects: 0.479900 ms CreateObjectMapping: 0.179500 ms MarkObjects: 7.881400 ms  DeleteObjects: 0.338800 ms)

========================================================================
Received Import Request.
  path: Assets/Scripts/Common/ShopTeleporter.cs
  artifactKey: Guid(52e68dc83eb5fce4582c3e1849a54053) Importer(815301076,1909f56bfc062723c751e8b465ee728b)
Start importing Assets/Scripts/Common/ShopTeleporter.cs using Guid(52e68dc83eb5fce4582c3e1849a54053) Importer(815301076,1909f56bfc062723c751e8b465ee728b)  -> (artifact id: 'df104d924d478f956c1242cea930a4bb') in 0.118246 seconds
  Import took 0.130883 seconds .

========================================================================
Received Import Request.
  Time since last request: 19.120691 seconds.
  path: Assets/Scripts/Common/ShopTeleporter.cs
  artifactKey: Guid(52e68dc83eb5fce4582c3e1849a54053) Importer(815301076,1909f56bfc062723c751e8b465ee728b)
Start importing Assets/Scripts/Common/ShopTeleporter.cs using Guid(52e68dc83eb5fce4582c3e1849a54053) Importer(815301076,1909f56bfc062723c751e8b465ee728b)  -> (artifact id: '1586880d5c0c5c378407c2c4d9b3fb42') in 0.064039 seconds
  Import took 0.073426 seconds .

========================================================================
Received Import Request.
  Time since last request: 0.449676 seconds.
  path: Assets/Scripts/Common/ShopTeleporter.cs
  artifactKey: Guid(52e68dc83eb5fce4582c3e1849a54053) Importer(815301076,1909f56bfc062723c751e8b465ee728b)
Start importing Assets/Scripts/Common/ShopTeleporter.cs using Guid(52e68dc83eb5fce4582c3e1849a54053) Importer(815301076,1909f56bfc062723c751e8b465ee728b)  -> (artifact id: '1586880d5c0c5c378407c2c4d9b3fb42') in 0.081377 seconds
  Import took 0.107304 seconds .

========================================================================
Received Import Request.
  Time since last request: 7.948157 seconds.
  path: Assets/Scripts/Common/ShopTeleporter.cs
  artifactKey: Guid(52e68dc83eb5fce4582c3e1849a54053) Importer(815301076,1909f56bfc062723c751e8b465ee728b)
Start importing Assets/Scripts/Common/ShopTeleporter.cs using Guid(52e68dc83eb5fce4582c3e1849a54053) Importer(815301076,1909f56bfc062723c751e8b465ee728b)  -> (artifact id: '317b5d9925335fda634bcf52720541f6') in 0.055318 seconds
  Import took 0.509826 seconds .

========================================================================
Received Prepare
Registering precompiled user dll's ...
Registered in 0.007142 seconds.
Begin MonoManager ReloadAssembly
Native extension for WindowsStandalone target not found
Refreshing native plugins compatible for Editor in 0.68 ms, found 1 plugins.
Preloading 0 native plugins for Editor in 0.00 ms.
Invoked RoslynAnalysisRunner static constructor.
RoslynAnalysisRunner will not be running.
RoslynAnalysisRunner has terminated.
Mono: successfully reloaded assembly
- Completed reload, in  2.365 seconds
Platform modules already initialized, skipping
Refreshing native plugins compatible for Editor in 0.72 ms, found 1 plugins.
Preloading 0 native plugins for Editor in 0.00 ms.
Unloading 1960 Unused Serialized files (Serialized files now loaded: 0)
System memory in use before: 93.1 MB.
System memory in use after: 93.1 MB.

Unloading 14 unused Assets to reduce memory usage. Loaded Objects now: 2439.
Total: 3.240000 ms (FindLiveObjects: 0.269400 ms CreateObjectMapping: 0.132800 ms MarkObjects: 2.650400 ms  DeleteObjects: 0.185100 ms)

========================================================================
Received Import Request.
  Time since last request: 170.397277 seconds.
  path: Assets/Scripts/Common/ArenaTeleporter.cs
  artifactKey: Guid(a792efb58c0fac144ad922d758e0d7ac) Importer(815301076,1909f56bfc062723c751e8b465ee728b)
Start importing Assets/Scripts/Common/ArenaTeleporter.cs using Guid(a792efb58c0fac144ad922d758e0d7ac) Importer(815301076,1909f56bfc062723c751e8b465ee728b)  -> (artifact id: '2b9ec7f564d245c7863434ad42e350e3') in 0.016137 seconds
  Import took 0.021865 seconds .

========================================================================
Received Prepare
Registering precompiled user dll's ...
Registered in 0.003980 seconds.
Begin MonoManager ReloadAssembly
Native extension for WindowsStandalone target not found
Refreshing native plugins compatible for Editor in 0.73 ms, found 1 plugins.
Preloading 0 native plugins for Editor in 0.00 ms.
Invoked RoslynAnalysisRunner static constructor.
RoslynAnalysisRunner will not be running.
RoslynAnalysisRunner has terminated.
Mono: successfully reloaded assembly
- Completed reload, in  1.785 seconds
Platform modules already initialized, skipping
Refreshing native plugins compatible for Editor in 0.59 ms, found 1 plugins.
Preloading 0 native plugins for Editor in 0.00 ms.
Unloading 1961 Unused Serialized files (Serialized files now loaded: 0)
System memory in use before: 93.1 MB.
System memory in use after: 93.1 MB.

Unloading 14 unused Assets to reduce memory usage. Loaded Objects now: 2443.
Total: 3.306600 ms (FindLiveObjects: 0.380100 ms CreateObjectMapping: 0.117100 ms MarkObjects: 2.641900 ms  DeleteObjects: 0.165400 ms)

========================================================================
Received Prepare
Registering precompiled user dll's ...
Registered in 0.003921 seconds.
Begin MonoManager ReloadAssembly
Native extension for WindowsStandalone target not found
Refreshing native plugins compatible for Editor in 0.67 ms, found 1 plugins.
Preloading 0 native plugins for Editor in 0.00 ms.
Invoked RoslynAnalysisRunner static constructor.
RoslynAnalysisRunner will not be running.
RoslynAnalysisRunner has terminated.
Mono: successfully reloaded assembly
- Completed reload, in  2.144 seconds
Platform modules already initialized, skipping
Refreshing native plugins compatible for Editor in 0.67 ms, found 1 plugins.
Preloading 0 native plugins for Editor in 0.00 ms.
Unloading 1960 Unused Serialized files (Serialized files now loaded: 0)
System memory in use before: 93.1 MB.
System memory in use after: 93.1 MB.

Unloading 15 unused Assets to reduce memory usage. Loaded Objects now: 2445.
Total: 3.074000 ms (FindLiveObjects: 0.278000 ms CreateObjectMapping: 0.135400 ms MarkObjects: 2.467500 ms  DeleteObjects: 0.191000 ms)

========================================================================
Received Import Request.
  Time since last request: 46.320038 seconds.
  path: Assets/Scripts/Common/NextLevelTeleporter.cs
  artifactKey: Guid(7d44d2313dba7a646b0e412299a37356) Importer(815301076,1909f56bfc062723c751e8b465ee728b)
Start importing Assets/Scripts/Common/NextLevelTeleporter.cs using Guid(7d44d2313dba7a646b0e412299a37356) Importer(815301076,1909f56bfc062723c751e8b465ee728b)  -> (artifact id: '38e3142e7938170572fdddbe7cd07ac1') in 0.068346 seconds
  Import took 0.085938 seconds .

========================================================================
Received Prepare
Registering precompiled user dll's ...
Registered in 0.004149 seconds.
Begin MonoManager ReloadAssembly
Native extension for WindowsStandalone target not found
Refreshing native plugins compatible for Editor in 0.90 ms, found 1 plugins.
Preloading 0 native plugins for Editor in 0.00 ms.
Invoked RoslynAnalysisRunner static constructor.
RoslynAnalysisRunner will not be running.
RoslynAnalysisRunner has terminated.
Mono: successfully reloaded assembly
- Completed reload, in  3.548 seconds
Platform modules already initialized, skipping
Refreshing native plugins compatible for Editor in 0.84 ms, found 1 plugins.
Preloading 0 native plugins for Editor in 0.00 ms.
Unloading 1961 Unused Serialized files (Serialized files now loaded: 0)
System memory in use before: 93.2 MB.
System memory in use after: 93.2 MB.

Unloading 14 unused Assets to reduce memory usage. Loaded Objects now: 2449.
Total: 5.521900 ms (FindLiveObjects: 0.409600 ms CreateObjectMapping: 0.188700 ms MarkObjects: 4.455900 ms  DeleteObjects: 0.463800 ms)

========================================================================
Received Prepare
Registering precompiled user dll's ...
Registered in 0.005045 seconds.
Begin MonoManager ReloadAssembly
Native extension for WindowsStandalone target not found
Refreshing native plugins compatible for Editor in 0.76 ms, found 1 plugins.
Preloading 0 native plugins for Editor in 0.00 ms.
Invoked RoslynAnalysisRunner static constructor.
RoslynAnalysisRunner will not be running.
RoslynAnalysisRunner has terminated.
Mono: successfully reloaded assembly
- Completed reload, in  1.947 seconds
Platform modules already initialized, skipping
Refreshing native plugins compatible for Editor in 0.65 ms, found 1 plugins.
Preloading 0 native plugins for Editor in 0.00 ms.
Unloading 1961 Unused Serialized files (Serialized files now loaded: 0)
System memory in use before: 93.2 MB.
System memory in use after: 93.2 MB.

Unloading 15 unused Assets to reduce memory usage. Loaded Objects now: 2452.
Total: 3.155600 ms (FindLiveObjects: 0.256700 ms CreateObjectMapping: 0.120500 ms MarkObjects: 2.595100 ms  DeleteObjects: 0.181400 ms)

========================================================================
Received Import Request.
  Time since last request: 188.212609 seconds.
  path: Assets/Scripts/Common/ShopTeleporter.cs
  artifactKey: Guid(52e68dc83eb5fce4582c3e1849a54053) Importer(815301076,1909f56bfc062723c751e8b465ee728b)
Start importing Assets/Scripts/Common/ShopTeleporter.cs using Guid(52e68dc83eb5fce4582c3e1849a54053) Importer(815301076,1909f56bfc062723c751e8b465ee728b)  -> (artifact id: 'c2e3e641b8f27d4bfc41c576ea50a6d8') in 0.011346 seconds
  Import took 0.015972 seconds .

========================================================================
Received Prepare
Registering precompiled user dll's ...
Registered in 0.004125 seconds.
Begin MonoManager ReloadAssembly
Native extension for WindowsStandalone target not found
Refreshing native plugins compatible for Editor in 0.78 ms, found 1 plugins.
Preloading 0 native plugins for Editor in 0.00 ms.
Invoked RoslynAnalysisRunner static constructor.
RoslynAnalysisRunner will not be running.
RoslynAnalysisRunner has terminated.
Mono: successfully reloaded assembly
- Completed reload, in  2.314 seconds
Platform modules already initialized, skipping
Refreshing native plugins compatible for Editor in 0.78 ms, found 1 plugins.
Preloading 0 native plugins for Editor in 0.00 ms.
Unloading 1961 Unused Serialized files (Serialized files now loaded: 0)
System memory in use before: 93.2 MB.
System memory in use after: 93.2 MB.

Unloading 14 unused Assets to reduce memory usage. Loaded Objects now: 2455.
Total: 4.214700 ms (FindLiveObjects: 0.336600 ms CreateObjectMapping: 0.189300 ms MarkObjects: 3.443000 ms  DeleteObjects: 0.242800 ms)

========================================================================
Received Import Request.
  Time since last request: 395.737397 seconds.
  path: Assets/Scripts/Common/WaveManager.cs
  artifactKey: Guid(d15f893e47ab873408dedd5be6a75d11) Importer(815301076,1909f56bfc062723c751e8b465ee728b)
Start importing Assets/Scripts/Common/WaveManager.cs using Guid(d15f893e47ab873408dedd5be6a75d11) Importer(815301076,1909f56bfc062723c751e8b465ee728b)  -> (artifact id: '5daef99390c7ce7eb8837b39a2ffbbe2') in 0.028085 seconds
  Import took 0.034407 seconds .

========================================================================
Received Prepare
Registering precompiled user dll's ...
Registered in 0.003944 seconds.
Begin MonoManager ReloadAssembly
Native extension for WindowsStandalone target not found
Refreshing native plugins compatible for Editor in 0.76 ms, found 1 plugins.
Preloading 0 native plugins for Editor in 0.00 ms.
Invoked RoslynAnalysisRunner static constructor.
RoslynAnalysisRunner will not be running.
RoslynAnalysisRunner has terminated.
Mono: successfully reloaded assembly
- Completed reload, in  1.773 seconds
Platform modules already initialized, skipping
Refreshing native plugins compatible for Editor in 0.66 ms, found 1 plugins.
Preloading 0 native plugins for Editor in 0.00 ms.
Unloading 1961 Unused Serialized files (Serialized files now loaded: 0)
System memory in use before: 93.2 MB.
System memory in use after: 93.2 MB.

Unloading 14 unused Assets to reduce memory usage. Loaded Objects now: 2458.
Total: 3.062000 ms (FindLiveObjects: 0.273900 ms CreateObjectMapping: 0.126300 ms MarkObjects: 2.480800 ms  DeleteObjects: 0.179200 ms)

========================================================================
Received Prepare
Registering precompiled user dll's ...
Registered in 0.004791 seconds.
Begin MonoManager ReloadAssembly
Native extension for WindowsStandalone target not found
Refreshing native plugins compatible for Editor in 0.86 ms, found 1 plugins.
Preloading 0 native plugins for Editor in 0.00 ms.
Invoked RoslynAnalysisRunner static constructor.
RoslynAnalysisRunner will not be running.
RoslynAnalysisRunner has terminated.
Mono: successfully reloaded assembly
- Completed reload, in  2.316 seconds
Platform modules already initialized, skipping
Refreshing native plugins compatible for Editor in 0.62 ms, found 1 plugins.
Preloading 0 native plugins for Editor in 0.00 ms.
Unloading 1961 Unused Serialized files (Serialized files now loaded: 0)
System memory in use before: 93.2 MB.
System memory in use after: 93.2 MB.

Unloading 14 unused Assets to reduce memory usage. Loaded Objects now: 2461.
Total: 3.347000 ms (FindLiveObjects: 0.279700 ms CreateObjectMapping: 0.130000 ms MarkObjects: 2.739900 ms  DeleteObjects: 0.195100 ms)

========================================================================
Received Import Request.
  Time since last request: 267.256992 seconds.
  path: Assets/Scripts/Enemy/EnemyMovement.cs
  artifactKey: Guid(87d29ae10c28bbd42aa4e2e5344b6545) Importer(815301076,1909f56bfc062723c751e8b465ee728b)
Start importing Assets/Scripts/Enemy/EnemyMovement.cs using Guid(87d29ae10c28bbd42aa4e2e5344b6545) Importer(815301076,1909f56bfc062723c751e8b465ee728b)  -> (artifact id: '0a677cc003e0af90496881e83453ed3a') in 0.023105 seconds
  Import took 0.028410 seconds .

========================================================================
Received Import Request.
  Time since last request: 285.913699 seconds.
  path: Assets/Art/portal.png
  artifactKey: Guid(03285fa052f36c544977f10dd8279e1c) Importer(815301076,1909f56bfc062723c751e8b465ee728b)
Start importing Assets/Art/portal.png using Guid(03285fa052f36c544977f10dd8279e1c) Importer(815301076,1909f56bfc062723c751e8b465ee728b)  -> (artifact id: '06a9d60a2324d3ef9117694f29f87723') in 0.343529 seconds
  Import took 0.350426 seconds .

========================================================================
Received Import Request.
  Time since last request: 249.594620 seconds.
  path: Assets/Scripts/Common/Heart.cs
  artifactKey: Guid(b73e6b37985ff6841aaba8549460f385) Importer(815301076,1909f56bfc062723c751e8b465ee728b)
Start importing Assets/Scripts/Common/Heart.cs using Guid(b73e6b37985ff6841aaba8549460f385) Importer(815301076,1909f56bfc062723c751e8b465ee728b)  -> (artifact id: 'aa7dc86023dcf0d88dcb46c5e915591b') in 0.030278 seconds
  Import took 0.035450 seconds .

========================================================================
Received Prepare
Registering precompiled user dll's ...
Registered in 0.008278 seconds.
Begin MonoManager ReloadAssembly
Native extension for WindowsStandalone target not found
Refreshing native plugins compatible for Editor in 1.02 ms, found 1 plugins.
Preloading 0 native plugins for Editor in 0.00 ms.
Invoked RoslynAnalysisRunner static constructor.
RoslynAnalysisRunner will not be running.
RoslynAnalysisRunner has terminated.
Mono: successfully reloaded assembly
- Completed reload, in  3.665 seconds
Platform modules already initialized, skipping
Refreshing native plugins compatible for Editor in 0.75 ms, found 1 plugins.
Preloading 0 native plugins for Editor in 0.00 ms.
Unloading 1961 Unused Serialized files (Serialized files now loaded: 0)
System memory in use before: 96.3 MB.
System memory in use after: 96.3 MB.

Unloading 14 unused Assets to reduce memory usage. Loaded Objects now: 2470.
Total: 3.584500 ms (FindLiveObjects: 0.306000 ms CreateObjectMapping: 0.149100 ms MarkObjects: 2.892000 ms  DeleteObjects: 0.234700 ms)

========================================================================
Received Import Request.
  Time since last request: 105.843783 seconds.
  path: ProjectSettings/TagManager.asset
  artifactKey: Guid(00000000000000003000000000000000) Importer(815301076,1909f56bfc062723c751e8b465ee728b)
Start importing ProjectSettings/TagManager.asset using Guid(00000000000000003000000000000000) Importer(815301076,1909f56bfc062723c751e8b465ee728b)  -> (artifact id: 'acb59fc43d31316644acec1367152554') in 0.039922 seconds
  Import took 0.044470 seconds .

========================================================================
Received Import Request.
  Time since last request: 0.002511 seconds.
  path: ProjectSettings/TagManager.asset
  artifactKey: Guid(00000000000000003000000000000000) Importer(815301076,1909f56bfc062723c751e8b465ee728b)
Start importing ProjectSettings/TagManager.asset using Guid(00000000000000003000000000000000) Importer(815301076,1909f56bfc062723c751e8b465ee728b)  -> (artifact id: 'acb59fc43d31316644acec1367152554') in 0.012375 seconds
  Import took 0.017001 seconds .

========================================================================
Received Prepare
Registering precompiled user dll's ...
Registered in 0.009151 seconds.
Begin MonoManager ReloadAssembly
Native extension for WindowsStandalone target not found
Refreshing native plugins compatible for Editor in 0.66 ms, found 1 plugins.
Preloading 0 native plugins for Editor in 0.00 ms.
Invoked RoslynAnalysisRunner static constructor.
RoslynAnalysisRunner will not be running.
RoslynAnalysisRunner has terminated.
Mono: successfully reloaded assembly
- Completed reload, in  2.327 seconds
Platform modules already initialized, skipping
Refreshing native plugins compatible for Editor in 0.69 ms, found 1 plugins.
Preloading 0 native plugins for Editor in 0.00 ms.
Unloading 1961 Unused Serialized files (Serialized files now loaded: 0)
System memory in use before: 96.4 MB.
System memory in use after: 96.3 MB.

Unloading 16 unused Assets to reduce memory usage. Loaded Objects now: 2473.
Total: 4.134600 ms (FindLiveObjects: 0.327500 ms CreateObjectMapping: 0.123100 ms MarkObjects: 2.991800 ms  DeleteObjects: 0.689900 ms)

========================================================================
Received Prepare
Registering precompiled user dll's ...
Registered in 0.007580 seconds.
Begin MonoManager ReloadAssembly
Native extension for WindowsStandalone target not found
Refreshing native plugins compatible for Editor in 0.80 ms, found 1 plugins.
Preloading 0 native plugins for Editor in 0.00 ms.
Invoked RoslynAnalysisRunner static constructor.
RoslynAnalysisRunner will not be running.
RoslynAnalysisRunner has terminated.
Mono: successfully reloaded assembly
- Completed reload, in  3.458 seconds
Platform modules already initialized, skipping
Refreshing native plugins compatible for Editor in 0.92 ms, found 1 plugins.
Preloading 0 native plugins for Editor in 0.00 ms.
Unloading 1961 Unused Serialized files (Serialized files now loaded: 0)
System memory in use before: 96.3 MB.
System memory in use after: 96.3 MB.

Unloading 14 unused Assets to reduce memory usage. Loaded Objects now: 2476.
Total: 4.167700 ms (FindLiveObjects: 0.353500 ms CreateObjectMapping: 0.212800 ms MarkObjects: 3.354500 ms  DeleteObjects: 0.243800 ms)

========================================================================
Received Import Request.
  Time since last request: 96.808835 seconds.
  path: Assets/Prefabs/Big Enemy.prefab
  artifactKey: Guid(dd00ddcf0ae346d40b949e114bd43ea9) Importer(815301076,1909f56bfc062723c751e8b465ee728b)
Start importing Assets/Prefabs/Big Enemy.prefab using Guid(dd00ddcf0ae346d40b949e114bd43ea9) Importer(815301076,1909f56bfc062723c751e8b465ee728b)  -> (artifact id: '2f746a2ee71ed4a997613675bf387e7e') in 0.158846 seconds
  Import took 0.164518 seconds .

========================================================================
Received Import Request.
  Time since last request: 0.000434 seconds.
  path: Assets/Prefabs/Enemy.prefab
  artifactKey: Guid(ae5cf78340a81fb4f8236da3c16c3026) Importer(815301076,1909f56bfc062723c751e8b465ee728b)
Start importing Assets/Prefabs/Enemy.prefab using Guid(ae5cf78340a81fb4f8236da3c16c3026) Importer(815301076,1909f56bfc062723c751e8b465ee728b)  -> (artifact id: 'ee25cc8853887977813d68fa28492ffd') in 0.100364 seconds
  Import took 0.105630 seconds .

========================================================================
Received Import Request.
  Time since last request: 0.000325 seconds.
  path: Assets/Prefabs/Enemy Melee.prefab
  artifactKey: Guid(2e11a89aa0bd8514f8662f86d4f1ad60) Importer(815301076,1909f56bfc062723c751e8b465ee728b)
Start importing Assets/Prefabs/Enemy Melee.prefab using Guid(2e11a89aa0bd8514f8662f86d4f1ad60) Importer(815301076,1909f56bfc062723c751e8b465ee728b)  -> (artifact id: '341232e713e6d484d9d7610933e088d2') in 0.059596 seconds
  Import took 0.065175 seconds .

========================================================================
Received Import Request.
  Time since last request: 0.004819 seconds.
  path: Assets/Prefabs/Enemy Melee.prefab
  artifactKey: Guid(2e11a89aa0bd8514f8662f86d4f1ad60) Importer(815301076,1909f56bfc062723c751e8b465ee728b)
Start importing Assets/Prefabs/Enemy Melee.prefab using Guid(2e11a89aa0bd8514f8662f86d4f1ad60) Importer(815301076,1909f56bfc062723c751e8b465ee728b)  -> (artifact id: '341232e713e6d484d9d7610933e088d2') in 0.038997 seconds
  Import took 0.046043 seconds .

========================================================================
Received Prepare
Registering precompiled user dll's ...
Registered in 0.004638 seconds.
Begin MonoManager ReloadAssembly
Native extension for WindowsStandalone target not found
Refreshing native plugins compatible for Editor in 2.65 ms, found 1 plugins.
Preloading 0 native plugins for Editor in 0.00 ms.
Invoked RoslynAnalysisRunner static constructor.
RoslynAnalysisRunner will not be running.
RoslynAnalysisRunner has terminated.
Mono: successfully reloaded assembly
- Completed reload, in  3.079 seconds
Platform modules already initialized, skipping
Refreshing native plugins compatible for Editor in 3.26 ms, found 1 plugins.
Preloading 0 native plugins for Editor in 0.00 ms.
Unloading 1961 Unused Serialized files (Serialized files now loaded: 0)
System memory in use before: 96.4 MB.
System memory in use after: 96.4 MB.

Unloading 14 unused Assets to reduce memory usage. Loaded Objects now: 2484.
Total: 5.005600 ms (FindLiveObjects: 0.368900 ms CreateObjectMapping: 0.266600 ms MarkObjects: 4.119500 ms  DeleteObjects: 0.247100 ms)

========================================================================
Received Prepare
Registering precompiled user dll's ...
Registered in 0.015329 seconds.
Begin MonoManager ReloadAssembly
Native extension for WindowsStandalone target not found
Refreshing native plugins compatible for Editor in 1.09 ms, found 1 plugins.
Preloading 0 native plugins for Editor in 0.00 ms.
Invoked RoslynAnalysisRunner static constructor.
RoslynAnalysisRunner will not be running.
RoslynAnalysisRunner has terminated.
Mono: successfully reloaded assembly
- Completed reload, in  3.360 seconds
Platform modules already initialized, skipping
Refreshing native plugins compatible for Editor in 0.81 ms, found 1 plugins.
Preloading 0 native plugins for Editor in 0.00 ms.
Unloading 1961 Unused Serialized files (Serialized files now loaded: 0)
System memory in use before: 96.5 MB.
System memory in use after: 96.4 MB.

Unloading 14 unused Assets to reduce memory usage. Loaded Objects now: 2487.
Total: 4.106600 ms (FindLiveObjects: 0.341100 ms CreateObjectMapping: 0.177300 ms MarkObjects: 3.248200 ms  DeleteObjects: 0.336700 ms)

========================================================================
Received Prepare
Registering precompiled user dll's ...
Registered in 0.014418 seconds.
Begin MonoManager ReloadAssembly
Native extension for WindowsStandalone target not found
Refreshing native plugins compatible for Editor in 0.77 ms, found 1 plugins.
Preloading 0 native plugins for Editor in 0.00 ms.
Invoked RoslynAnalysisRunner static constructor.
RoslynAnalysisRunner will not be running.
RoslynAnalysisRunner has terminated.
Mono: successfully reloaded assembly
- Completed reload, in  2.870 seconds
Platform modules already initialized, skipping
Refreshing native plugins compatible for Editor in 0.64 ms, found 1 plugins.
Preloading 0 native plugins for Editor in 0.00 ms.
Unloading 1961 Unused Serialized files (Serialized files now loaded: 0)
System memory in use before: 96.5 MB.
System memory in use after: 96.5 MB.

Unloading 14 unused Assets to reduce memory usage. Loaded Objects now: 2490.
Total: 7.768200 ms (FindLiveObjects: 0.334700 ms CreateObjectMapping: 0.148200 ms MarkObjects: 3.960300 ms  DeleteObjects: 3.321800 ms)

========================================================================
Received Prepare
Registering precompiled user dll's ...
Registered in 0.007835 seconds.
Begin MonoManager ReloadAssembly
Native extension for WindowsStandalone target not found
Refreshing native plugins compatible for Editor in 1.05 ms, found 1 plugins.
Preloading 0 native plugins for Editor in 0.00 ms.
Invoked RoslynAnalysisRunner static constructor.
RoslynAnalysisRunner will not be running.
RoslynAnalysisRunner has terminated.
Mono: successfully reloaded assembly
- Completed reload, in  3.808 seconds
Platform modules already initialized, skipping
Refreshing native plugins compatible for Editor in 0.72 ms, found 1 plugins.
Preloading 0 native plugins for Editor in 0.00 ms.
Unloading 1961 Unused Serialized files (Serialized files now loaded: 0)
System memory in use before: 96.5 MB.
System memory in use after: 96.5 MB.

Unloading 14 unused Assets to reduce memory usage. Loaded Objects now: 2493.
Total: 3.636500 ms (FindLiveObjects: 0.351800 ms CreateObjectMapping: 0.146000 ms MarkObjects: 2.926400 ms  DeleteObjects: 0.210000 ms)

========================================================================
Received Prepare
Registering precompiled user dll's ...
Registered in 0.005617 seconds.
Begin MonoManager ReloadAssembly
Native extension for WindowsStandalone target not found
Refreshing native plugins compatible for Editor in 0.73 ms, found 1 plugins.
Preloading 0 native plugins for Editor in 0.00 ms.
Invoked RoslynAnalysisRunner static constructor.
RoslynAnalysisRunner will not be running.
RoslynAnalysisRunner has terminated.
Mono: successfully reloaded assembly
- Completed reload, in  2.113 seconds
Platform modules already initialized, skipping
Refreshing native plugins compatible for Editor in 0.72 ms, found 1 plugins.
Preloading 0 native plugins for Editor in 0.00 ms.
Unloading 1961 Unused Serialized files (Serialized files now loaded: 0)
System memory in use before: 96.5 MB.
System memory in use after: 96.5 MB.

Unloading 14 unused Assets to reduce memory usage. Loaded Objects now: 2496.
Total: 3.372900 ms (FindLiveObjects: 0.283700 ms CreateObjectMapping: 0.140600 ms MarkObjects: 2.743600 ms  DeleteObjects: 0.202700 ms)

========================================================================
Received Prepare
Registering precompiled user dll's ...
Registered in 0.006245 seconds.
Begin MonoManager ReloadAssembly
Native extension for WindowsStandalone target not found
Refreshing native plugins compatible for Editor in 0.94 ms, found 1 plugins.
Preloading 0 native plugins for Editor in 0.00 ms.
Invoked RoslynAnalysisRunner static constructor.
RoslynAnalysisRunner will not be running.
RoslynAnalysisRunner has terminated.
Mono: successfully reloaded assembly
- Completed reload, in  2.426 seconds
Platform modules already initialized, skipping
Refreshing native plugins compatible for Editor in 0.71 ms, found 1 plugins.
Preloading 0 native plugins for Editor in 0.00 ms.
Unloading 1961 Unused Serialized files (Serialized files now loaded: 0)
System memory in use before: 96.5 MB.
System memory in use after: 96.5 MB.

Unloading 14 unused Assets to reduce memory usage. Loaded Objects now: 2499.
Total: 3.587100 ms (FindLiveObjects: 0.346100 ms CreateObjectMapping: 0.137500 ms MarkObjects: 2.896100 ms  DeleteObjects: 0.205200 ms)

========================================================================
Received Prepare
Registering precompiled user dll's ...
Registered in 0.004304 seconds.
Begin MonoManager ReloadAssembly
Native extension for WindowsStandalone target not found
Refreshing native plugins compatible for Editor in 1.22 ms, found 1 plugins.
Preloading 0 native plugins for Editor in 0.00 ms.
Invoked RoslynAnalysisRunner static constructor.
RoslynAnalysisRunner will not be running.
RoslynAnalysisRunner has terminated.
Mono: successfully reloaded assembly
- Completed reload, in  1.983 seconds
Platform modules already initialized, skipping
Refreshing native plugins compatible for Editor in 0.93 ms, found 1 plugins.
Preloading 0 native plugins for Editor in 0.00 ms.
Unloading 1961 Unused Serialized files (Serialized files now loaded: 0)
System memory in use before: 96.5 MB.
System memory in use after: 96.5 MB.

Unloading 14 unused Assets to reduce memory usage. Loaded Objects now: 2502.
Total: 4.013000 ms (FindLiveObjects: 0.365000 ms CreateObjectMapping: 0.181700 ms MarkObjects: 3.166600 ms  DeleteObjects: 0.296400 ms)

========================================================================
Received Prepare
Registering precompiled user dll's ...
Registered in 0.009886 seconds.
Begin MonoManager ReloadAssembly
Native extension for WindowsStandalone target not found
Refreshing native plugins compatible for Editor in 1.13 ms, found 1 plugins.
Preloading 0 native plugins for Editor in 0.00 ms.
Invoked RoslynAnalysisRunner static constructor.
RoslynAnalysisRunner will not be running.
RoslynAnalysisRunner has terminated.
Mono: successfully reloaded assembly
- Completed reload, in  2.930 seconds
Platform modules already initialized, skipping
Refreshing native plugins compatible for Editor in 1.30 ms, found 1 plugins.
Preloading 0 native plugins for Editor in 0.00 ms.
Unloading 1961 Unused Serialized files (Serialized files now loaded: 0)
System memory in use before: 96.5 MB.
System memory in use after: 96.5 MB.

Unloading 14 unused Assets to reduce memory usage. Loaded Objects now: 2505.
Total: 4.964100 ms (FindLiveObjects: 0.405600 ms CreateObjectMapping: 0.211300 ms MarkObjects: 4.051700 ms  DeleteObjects: 0.292500 ms)

========================================================================
Received Import Request.
  Time since last request: 518.550345 seconds.
  path: Assets/Music/yt1s.com - Elevator Music  Vanoss Gaming Background Music HD.mp3
  artifactKey: Guid(18e04cab19135ea4c8a503f5ad458b59) Importer(815301076,1909f56bfc062723c751e8b465ee728b)
Start importing Assets/Music/yt1s.com - Elevator Music  Vanoss Gaming Background Music HD.mp3 using Guid(18e04cab19135ea4c8a503f5ad458b59) Importer(815301076,1909f56bfc062723c751e8b465ee728b)  -> (artifact id: '9e01b6dd7843e9733301b566b6f1084f') in 0.186837 seconds
  Import took 0.193477 seconds .

========================================================================
Received Prepare
Registering precompiled user dll's ...
Registered in 0.004001 seconds.
Begin MonoManager ReloadAssembly
Native extension for WindowsStandalone target not found
Refreshing native plugins compatible for Editor in 0.89 ms, found 1 plugins.
Preloading 0 native plugins for Editor in 0.00 ms.
Invoked RoslynAnalysisRunner static constructor.
RoslynAnalysisRunner will not be running.
RoslynAnalysisRunner has terminated.
Mono: successfully reloaded assembly
- Completed reload, in  1.683 seconds
Platform modules already initialized, skipping
Refreshing native plugins compatible for Editor in 0.64 ms, found 1 plugins.
Preloading 0 native plugins for Editor in 0.00 ms.
Unloading 1961 Unused Serialized files (Serialized files now loaded: 0)
System memory in use before: 96.6 MB.
System memory in use after: 96.6 MB.

Unloading 14 unused Assets to reduce memory usage. Loaded Objects now: 2511.
Total: 3.622400 ms (FindLiveObjects: 0.354000 ms CreateObjectMapping: 0.213400 ms MarkObjects: 2.854200 ms  DeleteObjects: 0.198600 ms)

========================================================================
Received Prepare
Registering precompiled user dll's ...
Registered in 0.007370 seconds.
Begin MonoManager ReloadAssembly
Native extension for WindowsStandalone target not found
Refreshing native plugins compatible for Editor in 0.98 ms, found 1 plugins.
Preloading 0 native plugins for Editor in 0.00 ms.
Invoked RoslynAnalysisRunner static constructor.
RoslynAnalysisRunner will not be running.
RoslynAnalysisRunner has terminated.
Mono: successfully reloaded assembly
- Completed reload, in  3.962 seconds
Platform modules already initialized, skipping
Refreshing native plugins compatible for Editor in 0.89 ms, found 1 plugins.
Preloading 0 native plugins for Editor in 0.00 ms.
Unloading 1961 Unused Serialized files (Serialized files now loaded: 0)
System memory in use before: 96.6 MB.
System memory in use after: 96.6 MB.

Unloading 14 unused Assets to reduce memory usage. Loaded Objects now: 2514.
Total: 5.444700 ms (FindLiveObjects: 0.581500 ms CreateObjectMapping: 0.188900 ms MarkObjects: 4.400800 ms  DeleteObjects: 0.270200 ms)

========================================================================
Received Prepare
Registering precompiled user dll's ...
Registered in 0.008422 seconds.
Begin MonoManager ReloadAssembly
Native extension for WindowsStandalone target not found
Refreshing native plugins compatible for Editor in 2.15 ms, found 1 plugins.
Preloading 0 native plugins for Editor in 0.00 ms.
Invoked RoslynAnalysisRunner static constructor.
RoslynAnalysisRunner will not be running.
RoslynAnalysisRunner has terminated.
Mono: successfully reloaded assembly
- Completed reload, in  2.811 seconds
Platform modules already initialized, skipping
Refreshing native plugins compatible for Editor in 0.60 ms, found 1 plugins.
Preloading 0 native plugins for Editor in 0.00 ms.
Unloading 1961 Unused Serialized files (Serialized files now loaded: 0)
System memory in use before: 96.6 MB.
System memory in use after: 96.6 MB.

Unloading 14 unused Assets to reduce memory usage. Loaded Objects now: 2517.
Total: 4.802400 ms (FindLiveObjects: 0.350200 ms CreateObjectMapping: 0.182800 ms MarkObjects: 3.993900 ms  DeleteObjects: 0.272300 ms)

AssetImportWorkerClient::OnTransportError - code=2 error=End of file
