Using pre-set license
Built from '2020.2/release' branch; Version is '2020.2.4f1 (becced5a802b) revision 12504301'; Using compiler version '192528614'; Build Type 'Release'
OS: 'Windows 10 Home; OS build 19042.985; Version 2009; 64bit' Language: 'en' Physical Memory: 8143 MB
BatchMode: 1, IsHumanControllingUs: 0, StartBugReporterOnCrash: 0, Is64bit: 1, IsPro: 0

 COMMAND LINE ARGUMENTS:
C:\Program Files\Unity\Hub\Editor\2020.2.4f1\Editor\Unity.exe
-adb2
-batchMode
-noUpm
-name
AssetImportWorker0
-projectPath
C:/Github/Game-Design/Enter the Arena
-logFile
Logs/AssetImportWorker0.log
-srvPort
59591
Successfully changed project path to: C:/Github/Game-Design/Enter the Arena
C:/Github/Game-Design/Enter the Arena
Using Asset Import Pipeline V2.
Refreshing native plugins compatible for Editor in 67.11 ms, found 1 plugins.
Preloading 0 native plugins for Editor in 0.00 ms.
Initialize engine version: 2020.2.4f1 (becced5a802b)
[Subsystems] Discovering subsystems at path C:/Program Files/Unity/Hub/Editor/2020.2.4f1/Editor/Data/Resources/UnitySubsystems
[Subsystems] Discovering subsystems at path C:/Github/Game-Design/Enter the Arena/Assets
GfxDevice: creating device client; threaded=0
Direct3D:
    Version:  Direct3D 11.0 [level 11.1]
    Renderer: Radeon RX 560 Series (ID=0x67ff)
    Vendor:   
    VRAM:     4075 MB
    Driver:   27.20.14501.28009
Initialize mono
Mono path[0] = 'C:/Program Files/Unity/Hub/Editor/2020.2.4f1/Editor/Data/Managed'
Mono path[1] = 'C:/Program Files/Unity/Hub/Editor/2020.2.4f1/Editor/Data/MonoBleedingEdge/lib/mono/unityjit'
Mono config path = 'C:/Program Files/Unity/Hub/Editor/2020.2.4f1/Editor/Data/MonoBleedingEdge/etc'
Using monoOptions --debugger-agent=transport=dt_socket,embedding=1,server=y,suspend=n,address=127.0.0.1:56632
Begin MonoManager ReloadAssembly
Registering precompiled unity dll's ...
Register platform support module: C:/Program Files/Unity/Hub/Editor/2020.2.4f1/Editor/Data/PlaybackEngines/WindowsStandaloneSupport/UnityEditor.WindowsStandalone.Extensions.dll
Registered in 0.003605 seconds.
Native extension for WindowsStandalone target not found
Refreshing native plugins compatible for Editor in 67.32 ms, found 1 plugins.
Preloading 0 native plugins for Editor in 0.00 ms.
Invoked RoslynAnalysisRunner static constructor.
RoslynAnalysisRunner will not be running.
RoslynAnalysisRunner has terminated.
Mono: successfully reloaded assembly
- Completed reload, in  1.856 seconds
Platform modules already initialized, skipping
Registering precompiled user dll's ...
Registered in 0.002790 seconds.
Begin MonoManager ReloadAssembly
Native extension for WindowsStandalone target not found
Refreshing native plugins compatible for Editor in 94.56 ms, found 1 plugins.
Preloading 0 native plugins for Editor in 0.00 ms.
Invoked RoslynAnalysisRunner static constructor.
RoslynAnalysisRunner will not be running.
RoslynAnalysisRunner has terminated.
Mono: successfully reloaded assembly
- Completed reload, in  2.445 seconds
Platform modules already initialized, skipping
========================================================================
Worker process is ready to serve import requests
Launched and connected shader compiler UnityShaderCompiler.exe after 0.07 seconds
Refreshing native plugins compatible for Editor in 0.61 ms, found 1 plugins.
Preloading 0 native plugins for Editor in 0.00 ms.
Unloading 1984 Unused Serialized files (Serialized files now loaded: 0)
System memory in use before: 94.6 MB.
System memory in use after: 94.6 MB.

Unloading 26 unused Assets to reduce memory usage. Loaded Objects now: 2435.
Total: 3.049300 ms (FindLiveObjects: 0.514900 ms CreateObjectMapping: 0.119600 ms MarkObjects: 2.217400 ms  DeleteObjects: 0.195100 ms)

========================================================================
Received Import Request.
  path: Assets/Scripts/Enemy/EnemyGunControll.cs
  artifactKey: Guid(26a3520a17ee2ea488982fefa86be0af) Importer(815301076,1909f56bfc062723c751e8b465ee728b)
Start importing Assets/Scripts/Enemy/EnemyGunControll.cs using Guid(26a3520a17ee2ea488982fefa86be0af) Importer(815301076,1909f56bfc062723c751e8b465ee728b)  -> (artifact id: 'bdd7d8888f48be5039b5c242ab013d91') in 0.081005 seconds
  Import took 0.087989 seconds .

========================================================================
Received Prepare
Registering precompiled user dll's ...
Registered in 0.004337 seconds.
Begin MonoManager ReloadAssembly
Native extension for WindowsStandalone target not found
Refreshing native plugins compatible for Editor in 0.64 ms, found 1 plugins.
Preloading 0 native plugins for Editor in 0.00 ms.
Invoked RoslynAnalysisRunner static constructor.
RoslynAnalysisRunner will not be running.
RoslynAnalysisRunner has terminated.
Mono: successfully reloaded assembly
- Completed reload, in  2.142 seconds
Platform modules already initialized, skipping
Refreshing native plugins compatible for Editor in 0.90 ms, found 1 plugins.
Preloading 0 native plugins for Editor in 0.00 ms.
Unloading 1959 Unused Serialized files (Serialized files now loaded: 0)
System memory in use before: 93.0 MB.
System memory in use after: 93.0 MB.

Unloading 14 unused Assets to reduce memory usage. Loaded Objects now: 2438.
Total: 4.059000 ms (FindLiveObjects: 0.313500 ms CreateObjectMapping: 0.185700 ms MarkObjects: 3.307300 ms  DeleteObjects: 0.248900 ms)

========================================================================
Received Prepare
Registering precompiled user dll's ...
Registered in 0.004461 seconds.
Begin MonoManager ReloadAssembly
Native extension for WindowsStandalone target not found
Refreshing native plugins compatible for Editor in 0.83 ms, found 1 plugins.
Preloading 0 native plugins for Editor in 0.00 ms.
Invoked RoslynAnalysisRunner static constructor.
RoslynAnalysisRunner will not be running.
RoslynAnalysisRunner has terminated.
Mono: successfully reloaded assembly
- Completed reload, in  2.051 seconds
Platform modules already initialized, skipping
Refreshing native plugins compatible for Editor in 1.12 ms, found 1 plugins.
Preloading 0 native plugins for Editor in 0.00 ms.
Unloading 1959 Unused Serialized files (Serialized files now loaded: 0)
System memory in use before: 93.0 MB.
System memory in use after: 93.0 MB.

Unloading 14 unused Assets to reduce memory usage. Loaded Objects now: 2441.
Total: 6.188800 ms (FindLiveObjects: 0.350800 ms CreateObjectMapping: 0.189900 ms MarkObjects: 5.393000 ms  DeleteObjects: 0.252000 ms)

========================================================================
Received Import Request.
  Time since last request: 312.677980 seconds.
  path: Assets/Prefabs/Enemy.prefab
  artifactKey: Guid(ae5cf78340a81fb4f8236da3c16c3026) Importer(815301076,1909f56bfc062723c751e8b465ee728b)
Start importing Assets/Prefabs/Enemy.prefab using Guid(ae5cf78340a81fb4f8236da3c16c3026) Importer(815301076,1909f56bfc062723c751e8b465ee728b)  -> (artifact id: '46fdf6a8dfb578fd61a979fba1ebf87a') in 0.395097 seconds
  Import took 0.403363 seconds .

========================================================================
Received Import Request.
  Time since last request: 0.000399 seconds.
  path: Assets/Prefabs/Enemy Melee.prefab
  artifactKey: Guid(2e11a89aa0bd8514f8662f86d4f1ad60) Importer(815301076,1909f56bfc062723c751e8b465ee728b)
Start importing Assets/Prefabs/Enemy Melee.prefab using Guid(2e11a89aa0bd8514f8662f86d4f1ad60) Importer(815301076,1909f56bfc062723c751e8b465ee728b)  -> (artifact id: 'c2fce17873ed94ce2620771cedd839ef') in 0.057251 seconds
  Import took 0.065566 seconds .

========================================================================
Received Import Request.
  Time since last request: 0.348566 seconds.
  path: Assets/Prefabs/Big Enemy.prefab
  artifactKey: Guid(dd00ddcf0ae346d40b949e114bd43ea9) Importer(815301076,1909f56bfc062723c751e8b465ee728b)
Start importing Assets/Prefabs/Big Enemy.prefab using Guid(dd00ddcf0ae346d40b949e114bd43ea9) Importer(815301076,1909f56bfc062723c751e8b465ee728b)  -> (artifact id: '6e26182b63a36b8f9a6123787dc7837e') in 0.055996 seconds
  Import took 0.064351 seconds .

========================================================================
Received Import Request.
  Time since last request: 0.017434 seconds.
  path: Assets/Prefabs/Big Enemy.prefab
  artifactKey: Guid(dd00ddcf0ae346d40b949e114bd43ea9) Importer(815301076,1909f56bfc062723c751e8b465ee728b)
Start importing Assets/Prefabs/Big Enemy.prefab using Guid(dd00ddcf0ae346d40b949e114bd43ea9) Importer(815301076,1909f56bfc062723c751e8b465ee728b)  -> (artifact id: '6e26182b63a36b8f9a6123787dc7837e') in 0.050556 seconds
  Import took 0.059515 seconds .

========================================================================
Received Import Request.
  Time since last request: 49.165094 seconds.
  path: Assets/Prefabs/Big Enemy.prefab
  artifactKey: Guid(dd00ddcf0ae346d40b949e114bd43ea9) Importer(815301076,1909f56bfc062723c751e8b465ee728b)
Start importing Assets/Prefabs/Big Enemy.prefab using Guid(dd00ddcf0ae346d40b949e114bd43ea9) Importer(815301076,1909f56bfc062723c751e8b465ee728b)  -> (artifact id: '0c11c65ad7b72de8baacecd344f8a3af') in 0.070033 seconds
  Import took 0.077953 seconds .

========================================================================
Received Prepare
Registering precompiled user dll's ...
Registered in 0.005315 seconds.
Begin MonoManager ReloadAssembly
Native extension for WindowsStandalone target not found
Refreshing native plugins compatible for Editor in 0.88 ms, found 1 plugins.
Preloading 0 native plugins for Editor in 0.00 ms.
Invoked RoslynAnalysisRunner static constructor.
RoslynAnalysisRunner will not be running.
RoslynAnalysisRunner has terminated.
Mono: successfully reloaded assembly
- Completed reload, in  2.860 seconds
Platform modules already initialized, skipping
Refreshing native plugins compatible for Editor in 0.75 ms, found 1 plugins.
Preloading 0 native plugins for Editor in 0.00 ms.
Unloading 1959 Unused Serialized files (Serialized files now loaded: 0)
System memory in use before: 96.2 MB.
System memory in use after: 96.2 MB.

Unloading 14 unused Assets to reduce memory usage. Loaded Objects now: 2451.
Total: 3.409400 ms (FindLiveObjects: 0.286000 ms CreateObjectMapping: 0.147400 ms MarkObjects: 2.777900 ms  DeleteObjects: 0.195900 ms)

========================================================================
Received Prepare
Registering precompiled user dll's ...
Registered in 0.002991 seconds.
Begin MonoManager ReloadAssembly
Native extension for WindowsStandalone target not found
Refreshing native plugins compatible for Editor in 0.77 ms, found 1 plugins.
Preloading 0 native plugins for Editor in 0.00 ms.
Invoked RoslynAnalysisRunner static constructor.
RoslynAnalysisRunner will not be running.
RoslynAnalysisRunner has terminated.
Mono: successfully reloaded assembly
- Completed reload, in  1.917 seconds
Platform modules already initialized, skipping
Refreshing native plugins compatible for Editor in 0.73 ms, found 1 plugins.
Preloading 0 native plugins for Editor in 0.00 ms.
Unloading 1959 Unused Serialized files (Serialized files now loaded: 0)
System memory in use before: 96.2 MB.
System memory in use after: 96.2 MB.

Unloading 14 unused Assets to reduce memory usage. Loaded Objects now: 2454.
Total: 3.855200 ms (FindLiveObjects: 0.311500 ms CreateObjectMapping: 0.163500 ms MarkObjects: 3.156400 ms  DeleteObjects: 0.220800 ms)

========================================================================
Received Prepare
Registering precompiled user dll's ...
Registered in 0.045043 seconds.
Begin MonoManager ReloadAssembly
Native extension for WindowsStandalone target not found
Refreshing native plugins compatible for Editor in 0.73 ms, found 1 plugins.
Preloading 0 native plugins for Editor in 0.00 ms.
Invoked RoslynAnalysisRunner static constructor.
RoslynAnalysisRunner will not be running.
RoslynAnalysisRunner has terminated.
Mono: successfully reloaded assembly
- Completed reload, in  2.761 seconds
Platform modules already initialized, skipping
Refreshing native plugins compatible for Editor in 0.67 ms, found 1 plugins.
Preloading 0 native plugins for Editor in 0.00 ms.
Unloading 1959 Unused Serialized files (Serialized files now loaded: 0)
System memory in use before: 96.3 MB.
System memory in use after: 96.2 MB.

Unloading 14 unused Assets to reduce memory usage. Loaded Objects now: 2457.
Total: 3.374100 ms (FindLiveObjects: 0.368500 ms CreateObjectMapping: 0.139100 ms MarkObjects: 2.674000 ms  DeleteObjects: 0.189900 ms)

========================================================================
Received Prepare
Registering precompiled user dll's ...
Registered in 0.006289 seconds.
Begin MonoManager ReloadAssembly
Native extension for WindowsStandalone target not found
Refreshing native plugins compatible for Editor in 0.70 ms, found 1 plugins.
Preloading 0 native plugins for Editor in 0.00 ms.
Invoked RoslynAnalysisRunner static constructor.
RoslynAnalysisRunner will not be running.
RoslynAnalysisRunner has terminated.
Mono: successfully reloaded assembly
- Completed reload, in  1.976 seconds
Platform modules already initialized, skipping
Refreshing native plugins compatible for Editor in 0.69 ms, found 1 plugins.
Preloading 0 native plugins for Editor in 0.00 ms.
Unloading 1959 Unused Serialized files (Serialized files now loaded: 0)
System memory in use before: 96.3 MB.
System memory in use after: 96.3 MB.

Unloading 14 unused Assets to reduce memory usage. Loaded Objects now: 2460.
Total: 3.019300 ms (FindLiveObjects: 0.262300 ms CreateObjectMapping: 0.121000 ms MarkObjects: 2.450900 ms  DeleteObjects: 0.182800 ms)

========================================================================
Received Prepare
Registering precompiled user dll's ...
Registered in 0.004634 seconds.
Begin MonoManager ReloadAssembly
Native extension for WindowsStandalone target not found
Refreshing native plugins compatible for Editor in 0.80 ms, found 1 plugins.
Preloading 0 native plugins for Editor in 0.00 ms.
Invoked RoslynAnalysisRunner static constructor.
RoslynAnalysisRunner will not be running.
RoslynAnalysisRunner has terminated.
Mono: successfully reloaded assembly
- Completed reload, in  2.085 seconds
Platform modules already initialized, skipping
Refreshing native plugins compatible for Editor in 1.26 ms, found 1 plugins.
Preloading 0 native plugins for Editor in 0.00 ms.
Unloading 1959 Unused Serialized files (Serialized files now loaded: 0)
System memory in use before: 96.3 MB.
System memory in use after: 96.3 MB.

Unloading 14 unused Assets to reduce memory usage. Loaded Objects now: 2463.
Total: 3.692800 ms (FindLiveObjects: 0.494600 ms CreateObjectMapping: 0.175400 ms MarkObjects: 2.793800 ms  DeleteObjects: 0.226400 ms)

========================================================================
Received Import Request.
  Time since last request: 370.005745 seconds.
  path: Assets/Scripts/Player/GunControll.cs
  artifactKey: Guid(d9669bcff8dd96a4798208c662635b71) Importer(815301076,1909f56bfc062723c751e8b465ee728b)
Start importing Assets/Scripts/Player/GunControll.cs using Guid(d9669bcff8dd96a4798208c662635b71) Importer(815301076,1909f56bfc062723c751e8b465ee728b)  -> (artifact id: '76b0a724114764986dd41ab9a20fbeb6') in 0.033618 seconds
  Import took 0.039500 seconds .

========================================================================
Received Import Request.
  Time since last request: 0.009142 seconds.
  path: Assets/Scripts/Player/GunControll.cs
  artifactKey: Guid(d9669bcff8dd96a4798208c662635b71) Importer(815301076,1909f56bfc062723c751e8b465ee728b)
Start importing Assets/Scripts/Player/GunControll.cs using Guid(d9669bcff8dd96a4798208c662635b71) Importer(815301076,1909f56bfc062723c751e8b465ee728b)  -> (artifact id: '76b0a724114764986dd41ab9a20fbeb6') in 0.045554 seconds
  Import took 0.054001 seconds .

========================================================================
Received Prepare
Registering precompiled user dll's ...
Registered in 0.009657 seconds.
Begin MonoManager ReloadAssembly
Native extension for WindowsStandalone target not found
Refreshing native plugins compatible for Editor in 1.12 ms, found 1 plugins.
Preloading 0 native plugins for Editor in 0.00 ms.
Invoked RoslynAnalysisRunner static constructor.
RoslynAnalysisRunner will not be running.
RoslynAnalysisRunner has terminated.
Mono: successfully reloaded assembly
- Completed reload, in  4.271 seconds
Platform modules already initialized, skipping
Refreshing native plugins compatible for Editor in 0.95 ms, found 1 plugins.
Preloading 0 native plugins for Editor in 0.00 ms.
Unloading 1959 Unused Serialized files (Serialized files now loaded: 0)
System memory in use before: 96.3 MB.
System memory in use after: 96.3 MB.

Unloading 14 unused Assets to reduce memory usage. Loaded Objects now: 2466.
Total: 5.397700 ms (FindLiveObjects: 0.325500 ms CreateObjectMapping: 0.171000 ms MarkObjects: 4.510600 ms  DeleteObjects: 0.388000 ms)

========================================================================
Received Import Request.
  Time since last request: 34.787545 seconds.
  path: Assets/Scripts/Player/GunControll.cs
  artifactKey: Guid(d9669bcff8dd96a4798208c662635b71) Importer(815301076,1909f56bfc062723c751e8b465ee728b)
Start importing Assets/Scripts/Player/GunControll.cs using Guid(d9669bcff8dd96a4798208c662635b71) Importer(815301076,1909f56bfc062723c751e8b465ee728b)  -> (artifact id: '64cbfd4b2f28409e6202dc060504e754') in 0.117029 seconds
  Import took 0.167204 seconds .

========================================================================
Received Prepare
Registering precompiled user dll's ...
Registered in 0.007788 seconds.
Begin MonoManager ReloadAssembly
Native extension for WindowsStandalone target not found
Refreshing native plugins compatible for Editor in 0.82 ms, found 1 plugins.
Preloading 0 native plugins for Editor in 0.00 ms.
Invoked RoslynAnalysisRunner static constructor.
RoslynAnalysisRunner will not be running.
RoslynAnalysisRunner has terminated.
Mono: successfully reloaded assembly
- Completed reload, in  3.595 seconds
Platform modules already initialized, skipping
Refreshing native plugins compatible for Editor in 0.92 ms, found 1 plugins.
Preloading 0 native plugins for Editor in 0.00 ms.
Unloading 1959 Unused Serialized files (Serialized files now loaded: 0)
System memory in use before: 96.3 MB.
System memory in use after: 96.3 MB.

Unloading 14 unused Assets to reduce memory usage. Loaded Objects now: 2469.
Total: 4.256200 ms (FindLiveObjects: 0.367700 ms CreateObjectMapping: 0.189500 ms MarkObjects: 3.425000 ms  DeleteObjects: 0.270100 ms)

========================================================================
Received Prepare
Registering precompiled user dll's ...
Registered in 0.009117 seconds.
Begin MonoManager ReloadAssembly
Native extension for WindowsStandalone target not found
Refreshing native plugins compatible for Editor in 0.65 ms, found 1 plugins.
Preloading 0 native plugins for Editor in 0.00 ms.
Invoked RoslynAnalysisRunner static constructor.
RoslynAnalysisRunner will not be running.
RoslynAnalysisRunner has terminated.
Mono: successfully reloaded assembly
- Completed reload, in  2.222 seconds
Platform modules already initialized, skipping
Refreshing native plugins compatible for Editor in 0.75 ms, found 1 plugins.
Preloading 0 native plugins for Editor in 0.00 ms.
Unloading 1959 Unused Serialized files (Serialized files now loaded: 0)
System memory in use before: 96.3 MB.
System memory in use after: 96.3 MB.

Unloading 14 unused Assets to reduce memory usage. Loaded Objects now: 2472.
Total: 3.084100 ms (FindLiveObjects: 0.287100 ms CreateObjectMapping: 0.121400 ms MarkObjects: 2.484700 ms  DeleteObjects: 0.188900 ms)

========================================================================
Received Import Request.
  Time since last request: 841.636111 seconds.
  path: Assets/Scripts/Common/Bullet.cs
  artifactKey: Guid(14016752d246f5040929cc797635e547) Importer(815301076,1909f56bfc062723c751e8b465ee728b)
Start importing Assets/Scripts/Common/Bullet.cs using Guid(14016752d246f5040929cc797635e547) Importer(815301076,1909f56bfc062723c751e8b465ee728b)  -> (artifact id: '8b028442b1fb84220b5949f42e45a697') in 0.021183 seconds
  Import took 0.027244 seconds .

========================================================================
Received Import Request.
  Time since last request: 42.929015 seconds.
  path: Assets/Scripts/Enemy/EnemyMovement.cs
  artifactKey: Guid(87d29ae10c28bbd42aa4e2e5344b6545) Importer(815301076,1909f56bfc062723c751e8b465ee728b)
Start importing Assets/Scripts/Enemy/EnemyMovement.cs using Guid(87d29ae10c28bbd42aa4e2e5344b6545) Importer(815301076,1909f56bfc062723c751e8b465ee728b)  -> (artifact id: '5f9cb6d9f8143b7056b04f0b69bf13ca') in 0.028017 seconds
  Import took 0.035364 seconds .

========================================================================
Received Import Request.
  Time since last request: 0.005506 seconds.
  path: Assets/Scripts/Enemy/EnemyMovement.cs
  artifactKey: Guid(87d29ae10c28bbd42aa4e2e5344b6545) Importer(815301076,1909f56bfc062723c751e8b465ee728b)
Start importing Assets/Scripts/Enemy/EnemyMovement.cs using Guid(87d29ae10c28bbd42aa4e2e5344b6545) Importer(815301076,1909f56bfc062723c751e8b465ee728b)  -> (artifact id: '5f9cb6d9f8143b7056b04f0b69bf13ca') in 0.062059 seconds
  Import took 0.071629 seconds .

========================================================================
Received Prepare
Registering precompiled user dll's ...
Registered in 0.006358 seconds.
Begin MonoManager ReloadAssembly
Native extension for WindowsStandalone target not found
Refreshing native plugins compatible for Editor in 0.74 ms, found 1 plugins.
Preloading 0 native plugins for Editor in 0.00 ms.
Invoked RoslynAnalysisRunner static constructor.
RoslynAnalysisRunner will not be running.
RoslynAnalysisRunner has terminated.
Mono: successfully reloaded assembly
- Completed reload, in  1.910 seconds
Platform modules already initialized, skipping
Refreshing native plugins compatible for Editor in 0.70 ms, found 1 plugins.
Preloading 0 native plugins for Editor in 0.00 ms.
Unloading 1959 Unused Serialized files (Serialized files now loaded: 0)
System memory in use before: 96.3 MB.
System memory in use after: 96.3 MB.

Unloading 14 unused Assets to reduce memory usage. Loaded Objects now: 2475.
Total: 3.728500 ms (FindLiveObjects: 0.631500 ms CreateObjectMapping: 0.140600 ms MarkObjects: 2.736200 ms  DeleteObjects: 0.217900 ms)

========================================================================
Received Prepare
Registering precompiled user dll's ...
Registered in 0.004090 seconds.
Begin MonoManager ReloadAssembly
Native extension for WindowsStandalone target not found
Refreshing native plugins compatible for Editor in 0.71 ms, found 1 plugins.
Preloading 0 native plugins for Editor in 0.00 ms.
Invoked RoslynAnalysisRunner static constructor.
RoslynAnalysisRunner will not be running.
RoslynAnalysisRunner has terminated.
Mono: successfully reloaded assembly
- Completed reload, in  1.712 seconds
Platform modules already initialized, skipping
Refreshing native plugins compatible for Editor in 1.33 ms, found 1 plugins.
Preloading 0 native plugins for Editor in 0.00 ms.
Unloading 1959 Unused Serialized files (Serialized files now loaded: 0)
System memory in use before: 96.3 MB.
System memory in use after: 96.3 MB.

Unloading 14 unused Assets to reduce memory usage. Loaded Objects now: 2478.
Total: 2.821300 ms (FindLiveObjects: 0.260300 ms CreateObjectMapping: 0.107000 ms MarkObjects: 2.192200 ms  DeleteObjects: 0.259800 ms)

========================================================================
Received Prepare
Registering precompiled user dll's ...
Registered in 0.004833 seconds.
Begin MonoManager ReloadAssembly
Native extension for WindowsStandalone target not found
Refreshing native plugins compatible for Editor in 2.11 ms, found 1 plugins.
Preloading 0 native plugins for Editor in 0.00 ms.
Invoked RoslynAnalysisRunner static constructor.
RoslynAnalysisRunner will not be running.
RoslynAnalysisRunner has terminated.
Mono: successfully reloaded assembly
- Completed reload, in  2.844 seconds
Platform modules already initialized, skipping
Refreshing native plugins compatible for Editor in 0.64 ms, found 1 plugins.
Preloading 0 native plugins for Editor in 0.00 ms.
Unloading 1959 Unused Serialized files (Serialized files now loaded: 0)
System memory in use before: 96.3 MB.
System memory in use after: 96.3 MB.

Unloading 14 unused Assets to reduce memory usage. Loaded Objects now: 2481.
Total: 2.911700 ms (FindLiveObjects: 0.254300 ms CreateObjectMapping: 0.119900 ms MarkObjects: 2.333100 ms  DeleteObjects: 0.201700 ms)

========================================================================
Received Import Request.
  Time since last request: 3099.253484 seconds.
  path: Assets/Palets/inside terrain_0.asset
  artifactKey: Guid(361011b6f79b2ce42afd5d71bcfe744b) Importer(815301076,1909f56bfc062723c751e8b465ee728b)
Start importing Assets/Palets/inside terrain_0.asset using Guid(361011b6f79b2ce42afd5d71bcfe744b) Importer(815301076,1909f56bfc062723c751e8b465ee728b)  -> (artifact id: '79282e9bd1cf826de4f152180ce82e0d') in 0.181695 seconds
  Import took 0.187677 seconds .

========================================================================
Received Import Request.
  Time since last request: 0.000297 seconds.
  path: Assets/Palets/inside wall.asset
  artifactKey: Guid(03bc3e9ca5a5c164d8b869a7c6d8b625) Importer(815301076,1909f56bfc062723c751e8b465ee728b)
Start importing Assets/Palets/inside wall.asset using Guid(03bc3e9ca5a5c164d8b869a7c6d8b625) Importer(815301076,1909f56bfc062723c751e8b465ee728b)  -> (artifact id: '603302d558f17c74e0dddcaecc041781') in 0.088237 seconds
  Import took 0.093396 seconds .

========================================================================
Received Import Request.
  Time since last request: 0.000326 seconds.
  path: Assets/Palets/inside terrain_2.asset
  artifactKey: Guid(a45a1348fdcac694bb39e038db0a3562) Importer(815301076,1909f56bfc062723c751e8b465ee728b)
Start importing Assets/Palets/inside terrain_2.asset using Guid(a45a1348fdcac694bb39e038db0a3562) Importer(815301076,1909f56bfc062723c751e8b465ee728b)  -> (artifact id: '22912d0e0b0c6e9dd33a24ecfbefe361') in 0.042873 seconds
  Import took 0.047953 seconds .

========================================================================
Received Import Request.
  Time since last request: 0.000437 seconds.
  path: Assets/Palets/inside terrain_3.asset
  artifactKey: Guid(b9fa012285537f643bf5c1a74d465f60) Importer(815301076,1909f56bfc062723c751e8b465ee728b)
Start importing Assets/Palets/inside terrain_3.asset using Guid(b9fa012285537f643bf5c1a74d465f60) Importer(815301076,1909f56bfc062723c751e8b465ee728b)  -> (artifact id: 'f6325dc51b8ead4136f7e9f8d60446a0') in 0.036097 seconds
  Import took 0.058776 seconds .

========================================================================
Received Import Request.
  Time since last request: 0.000327 seconds.
  path: Assets/Palets/inside terrain_1.asset
  artifactKey: Guid(ec13f1372f499ea4b81d5006e5609832) Importer(815301076,1909f56bfc062723c751e8b465ee728b)
Start importing Assets/Palets/inside terrain_1.asset using Guid(ec13f1372f499ea4b81d5006e5609832) Importer(815301076,1909f56bfc062723c751e8b465ee728b)  -> (artifact id: '5b66d1f2de0f2e6da3975211e7114394') in 0.047578 seconds
  Import took 0.054496 seconds .

========================================================================
Received Import Request.
  Time since last request: 0.000371 seconds.
  path: Assets/Palets/New Palette.prefab
  artifactKey: Guid(5b5b543f87fcdae4180036c15a8b756a) Importer(815301076,1909f56bfc062723c751e8b465ee728b)
Start importing Assets/Palets/New Palette.prefab using Guid(5b5b543f87fcdae4180036c15a8b756a) Importer(815301076,1909f56bfc062723c751e8b465ee728b)  -> (artifact id: 'f862a2b04922065d2339497394552b68') in 0.041167 seconds
  Import took 0.047547 seconds .

========================================================================
Received Import Request.
  Time since last request: 0.000335 seconds.
  path: Assets/Palets/inside terrain_4.asset
  artifactKey: Guid(ad3965efb3ad9f84482a21afc69a16c0) Importer(815301076,1909f56bfc062723c751e8b465ee728b)
Start importing Assets/Palets/inside terrain_4.asset using Guid(ad3965efb3ad9f84482a21afc69a16c0) Importer(815301076,1909f56bfc062723c751e8b465ee728b)  -> (artifact id: '95565618d2c311b284afb70caeec711f') in 0.048971 seconds
  Import took 0.055324 seconds .

========================================================================
Received Prepare
Registering precompiled user dll's ...
Registered in 0.006209 seconds.
Begin MonoManager ReloadAssembly
Native extension for WindowsStandalone target not found
Refreshing native plugins compatible for Editor in 0.79 ms, found 1 plugins.
Preloading 0 native plugins for Editor in 0.00 ms.
Invoked RoslynAnalysisRunner static constructor.
RoslynAnalysisRunner will not be running.
RoslynAnalysisRunner has terminated.
Mono: successfully reloaded assembly
- Completed reload, in  2.071 seconds
Platform modules already initialized, skipping
Refreshing native plugins compatible for Editor in 0.61 ms, found 1 plugins.
Preloading 0 native plugins for Editor in 0.00 ms.
Unloading 1959 Unused Serialized files (Serialized files now loaded: 0)
System memory in use before: 96.4 MB.
System memory in use after: 96.4 MB.

Unloading 14 unused Assets to reduce memory usage. Loaded Objects now: 2488.
Total: 3.017900 ms (FindLiveObjects: 0.286200 ms CreateObjectMapping: 0.119000 ms MarkObjects: 2.430100 ms  DeleteObjects: 0.180600 ms)

========================================================================
Received Prepare
Registering precompiled user dll's ...
Registered in 0.004562 seconds.
Begin MonoManager ReloadAssembly
Native extension for WindowsStandalone target not found
Refreshing native plugins compatible for Editor in 0.72 ms, found 1 plugins.
Preloading 0 native plugins for Editor in 0.00 ms.
Invoked RoslynAnalysisRunner static constructor.
RoslynAnalysisRunner will not be running.
RoslynAnalysisRunner has terminated.
Mono: successfully reloaded assembly
- Completed reload, in  2.278 seconds
Platform modules already initialized, skipping
Refreshing native plugins compatible for Editor in 0.63 ms, found 1 plugins.
Preloading 0 native plugins for Editor in 0.00 ms.
Unloading 1959 Unused Serialized files (Serialized files now loaded: 0)
System memory in use before: 96.4 MB.
System memory in use after: 96.4 MB.

Unloading 14 unused Assets to reduce memory usage. Loaded Objects now: 2491.
Total: 4.462300 ms (FindLiveObjects: 0.372000 ms CreateObjectMapping: 0.184800 ms MarkObjects: 3.639000 ms  DeleteObjects: 0.263600 ms)

========================================================================
Received Prepare
Registering precompiled user dll's ...
Registered in 0.005001 seconds.
Begin MonoManager ReloadAssembly
Native extension for WindowsStandalone target not found
Refreshing native plugins compatible for Editor in 0.65 ms, found 1 plugins.
Preloading 0 native plugins for Editor in 0.00 ms.
Invoked RoslynAnalysisRunner static constructor.
RoslynAnalysisRunner will not be running.
RoslynAnalysisRunner has terminated.
Mono: successfully reloaded assembly
- Completed reload, in  2.086 seconds
Platform modules already initialized, skipping
Refreshing native plugins compatible for Editor in 0.61 ms, found 1 plugins.
Preloading 0 native plugins for Editor in 0.00 ms.
Unloading 1959 Unused Serialized files (Serialized files now loaded: 0)
System memory in use before: 96.4 MB.
System memory in use after: 96.4 MB.

Unloading 14 unused Assets to reduce memory usage. Loaded Objects now: 2494.
Total: 3.935400 ms (FindLiveObjects: 0.369900 ms CreateObjectMapping: 0.160000 ms MarkObjects: 3.172000 ms  DeleteObjects: 0.230600 ms)

========================================================================
Received Prepare
Registering precompiled user dll's ...
Registered in 0.004823 seconds.
Begin MonoManager ReloadAssembly
Native extension for WindowsStandalone target not found
Refreshing native plugins compatible for Editor in 2.75 ms, found 1 plugins.
Preloading 0 native plugins for Editor in 0.00 ms.
Invoked RoslynAnalysisRunner static constructor.
RoslynAnalysisRunner will not be running.
RoslynAnalysisRunner has terminated.
Mono: successfully reloaded assembly
- Completed reload, in  5.328 seconds
Platform modules already initialized, skipping
Refreshing native plugins compatible for Editor in 2.84 ms, found 1 plugins.
Preloading 0 native plugins for Editor in 0.00 ms.
Unloading 1959 Unused Serialized files (Serialized files now loaded: 0)
System memory in use before: 96.4 MB.
System memory in use after: 96.4 MB.

Unloading 14 unused Assets to reduce memory usage. Loaded Objects now: 2497.
Total: 6.189200 ms (FindLiveObjects: 0.415600 ms CreateObjectMapping: 0.185100 ms MarkObjects: 5.322100 ms  DeleteObjects: 0.262700 ms)

========================================================================
Received Prepare
Registering precompiled user dll's ...
Registered in 0.005130 seconds.
Begin MonoManager ReloadAssembly
Native extension for WindowsStandalone target not found
Refreshing native plugins compatible for Editor in 0.76 ms, found 1 plugins.
Preloading 0 native plugins for Editor in 0.00 ms.
Invoked RoslynAnalysisRunner static constructor.
RoslynAnalysisRunner will not be running.
RoslynAnalysisRunner has terminated.
Mono: successfully reloaded assembly
- Completed reload, in  4.178 seconds
Platform modules already initialized, skipping
Refreshing native plugins compatible for Editor in 0.71 ms, found 1 plugins.
Preloading 0 native plugins for Editor in 0.00 ms.
Unloading 1959 Unused Serialized files (Serialized files now loaded: 0)
System memory in use before: 96.4 MB.
System memory in use after: 96.4 MB.

Unloading 14 unused Assets to reduce memory usage. Loaded Objects now: 2500.
Total: 3.404700 ms (FindLiveObjects: 0.293600 ms CreateObjectMapping: 0.145200 ms MarkObjects: 2.752000 ms  DeleteObjects: 0.211700 ms)

========================================================================
Received Prepare
Registering precompiled user dll's ...
Registered in 0.007300 seconds.
Begin MonoManager ReloadAssembly
Native extension for WindowsStandalone target not found
Refreshing native plugins compatible for Editor in 0.62 ms, found 1 plugins.
Preloading 0 native plugins for Editor in 0.00 ms.
Invoked RoslynAnalysisRunner static constructor.
RoslynAnalysisRunner will not be running.
RoslynAnalysisRunner has terminated.
Mono: successfully reloaded assembly
- Completed reload, in  1.996 seconds
Platform modules already initialized, skipping
Refreshing native plugins compatible for Editor in 0.61 ms, found 1 plugins.
Preloading 0 native plugins for Editor in 0.00 ms.
Unloading 1959 Unused Serialized files (Serialized files now loaded: 0)
System memory in use before: 96.4 MB.
System memory in use after: 96.4 MB.

Unloading 14 unused Assets to reduce memory usage. Loaded Objects now: 2503.
Total: 3.001000 ms (FindLiveObjects: 0.262400 ms CreateObjectMapping: 0.110100 ms MarkObjects: 2.443600 ms  DeleteObjects: 0.182600 ms)

========================================================================
Received Prepare
Registering precompiled user dll's ...
Registered in 0.007800 seconds.
Begin MonoManager ReloadAssembly
Native extension for WindowsStandalone target not found
Refreshing native plugins compatible for Editor in 0.98 ms, found 1 plugins.
Preloading 0 native plugins for Editor in 0.00 ms.
Invoked RoslynAnalysisRunner static constructor.
RoslynAnalysisRunner will not be running.
RoslynAnalysisRunner has terminated.
Mono: successfully reloaded assembly
- Completed reload, in  5.332 seconds
Platform modules already initialized, skipping
Refreshing native plugins compatible for Editor in 0.68 ms, found 1 plugins.
Preloading 0 native plugins for Editor in 0.00 ms.
Unloading 1959 Unused Serialized files (Serialized files now loaded: 0)
System memory in use before: 96.4 MB.
System memory in use after: 96.4 MB.

Unloading 14 unused Assets to reduce memory usage. Loaded Objects now: 2506.
Total: 3.860300 ms (FindLiveObjects: 0.435600 ms CreateObjectMapping: 0.184800 ms MarkObjects: 3.006900 ms  DeleteObjects: 0.230300 ms)

========================================================================
Received Prepare
Registering precompiled user dll's ...
Registered in 0.007397 seconds.
Begin MonoManager ReloadAssembly
Native extension for WindowsStandalone target not found
Refreshing native plugins compatible for Editor in 1.78 ms, found 1 plugins.
Preloading 0 native plugins for Editor in 0.00 ms.
Invoked RoslynAnalysisRunner static constructor.
RoslynAnalysisRunner will not be running.
RoslynAnalysisRunner has terminated.
Mono: successfully reloaded assembly
- Completed reload, in  3.273 seconds
Platform modules already initialized, skipping
Refreshing native plugins compatible for Editor in 0.76 ms, found 1 plugins.
Preloading 0 native plugins for Editor in 0.00 ms.
Unloading 1959 Unused Serialized files (Serialized files now loaded: 0)
System memory in use before: 96.4 MB.
System memory in use after: 96.4 MB.

Unloading 14 unused Assets to reduce memory usage. Loaded Objects now: 2509.
Total: 4.120900 ms (FindLiveObjects: 0.471600 ms CreateObjectMapping: 0.208500 ms MarkObjects: 3.207500 ms  DeleteObjects: 0.230400 ms)

========================================================================
Received Prepare
Registering precompiled user dll's ...
Registered in 0.008299 seconds.
Begin MonoManager ReloadAssembly
Native extension for WindowsStandalone target not found
Refreshing native plugins compatible for Editor in 1.04 ms, found 1 plugins.
Preloading 0 native plugins for Editor in 0.00 ms.
Invoked RoslynAnalysisRunner static constructor.
RoslynAnalysisRunner will not be running.
RoslynAnalysisRunner has terminated.
Mono: successfully reloaded assembly
- Completed reload, in  2.979 seconds
Platform modules already initialized, skipping
Refreshing native plugins compatible for Editor in 0.79 ms, found 1 plugins.
Preloading 0 native plugins for Editor in 0.00 ms.
Unloading 1959 Unused Serialized files (Serialized files now loaded: 0)
System memory in use before: 96.5 MB.
System memory in use after: 96.4 MB.

Unloading 14 unused Assets to reduce memory usage. Loaded Objects now: 2512.
Total: 4.003300 ms (FindLiveObjects: 0.450600 ms CreateObjectMapping: 0.173100 ms MarkObjects: 3.154500 ms  DeleteObjects: 0.222300 ms)

========================================================================
Received Prepare
Registering precompiled user dll's ...
Registered in 0.008199 seconds.
Begin MonoManager ReloadAssembly
Native extension for WindowsStandalone target not found
Refreshing native plugins compatible for Editor in 0.75 ms, found 1 plugins.
Preloading 0 native plugins for Editor in 0.00 ms.
Invoked RoslynAnalysisRunner static constructor.
RoslynAnalysisRunner will not be running.
RoslynAnalysisRunner has terminated.
Mono: successfully reloaded assembly
- Completed reload, in  2.698 seconds
Platform modules already initialized, skipping
Refreshing native plugins compatible for Editor in 0.74 ms, found 1 plugins.
Preloading 0 native plugins for Editor in 0.00 ms.
Unloading 1959 Unused Serialized files (Serialized files now loaded: 0)
System memory in use before: 96.5 MB.
System memory in use after: 96.5 MB.

Unloading 14 unused Assets to reduce memory usage. Loaded Objects now: 2515.
Total: 7.727300 ms (FindLiveObjects: 4.093000 ms CreateObjectMapping: 0.190400 ms MarkObjects: 3.130900 ms  DeleteObjects: 0.309600 ms)

========================================================================
Received Prepare
Registering precompiled user dll's ...
Registered in 0.003530 seconds.
Begin MonoManager ReloadAssembly
Native extension for WindowsStandalone target not found
Refreshing native plugins compatible for Editor in 0.76 ms, found 1 plugins.
Preloading 0 native plugins for Editor in 0.00 ms.
Invoked RoslynAnalysisRunner static constructor.
RoslynAnalysisRunner will not be running.
RoslynAnalysisRunner has terminated.
Mono: successfully reloaded assembly
- Completed reload, in  1.705 seconds
Platform modules already initialized, skipping
Refreshing native plugins compatible for Editor in 0.74 ms, found 1 plugins.
Preloading 0 native plugins for Editor in 0.00 ms.
Unloading 1959 Unused Serialized files (Serialized files now loaded: 0)
System memory in use before: 96.5 MB.
System memory in use after: 96.5 MB.

Unloading 14 unused Assets to reduce memory usage. Loaded Objects now: 2518.
Total: 3.429500 ms (FindLiveObjects: 0.308600 ms CreateObjectMapping: 0.128400 ms MarkObjects: 2.791600 ms  DeleteObjects: 0.198500 ms)

========================================================================
Received Prepare
Registering precompiled user dll's ...
Registered in 0.008190 seconds.
Begin MonoManager ReloadAssembly
Native extension for WindowsStandalone target not found
Refreshing native plugins compatible for Editor in 0.65 ms, found 1 plugins.
Preloading 0 native plugins for Editor in 0.00 ms.
Invoked RoslynAnalysisRunner static constructor.
RoslynAnalysisRunner will not be running.
RoslynAnalysisRunner has terminated.
Mono: successfully reloaded assembly
- Completed reload, in  2.785 seconds
Platform modules already initialized, skipping
Refreshing native plugins compatible for Editor in 2.06 ms, found 1 plugins.
Preloading 0 native plugins for Editor in 0.00 ms.
Unloading 1959 Unused Serialized files (Serialized files now loaded: 0)
System memory in use before: 96.5 MB.
System memory in use after: 96.5 MB.

Unloading 14 unused Assets to reduce memory usage. Loaded Objects now: 2521.
Total: 4.777200 ms (FindLiveObjects: 0.584700 ms CreateObjectMapping: 0.209100 ms MarkObjects: 3.672200 ms  DeleteObjects: 0.308300 ms)

AssetImportWorkerClient::OnTransportError - code=2 error=End of file
